Linux 6.12.34+rpt-rpi-v8 (MarineServer) 	04/08/25 	_aarch64_	(4 CPU)

18:11:31        CPU     %user     %nice   %system   %iowait    %steal     %idle
18:11:32        all      1.50      0.00      1.25      0.00      0.00     97.25

18:11:31    kbmemfree   kbavail kbmemused  %memused kbbuffers  kbcached  kbcommit   %commit  kbactive   kbinact   kbdirty
18:11:32       443308    671076    168568     18.15     30268    228328    720968     49.62    293052     73136       812

18:11:32        CPU     %user     %nice   %system   %iowait    %steal     %idle
18:11:33        all      1.51      0.00      0.25      0.00      0.00     98.24

18:11:32    kbmemfree   kbavail kbmemused  %memused kbbuffers  kbcached  kbcommit   %commit  kbactive   kbinact   kbdirty
18:11:33       443308    671076    168568     18.15     30268    228328    720968     49.62    293052     73136       812

18:11:33        CPU     %user     %nice   %system   %iowait    %steal     %idle
18:11:34        all      1.01      0.00      0.25      0.00      0.00     98.74

18:11:33    kbmemfree   kbavail kbmemused  %memused kbbuffers  kbcached  kbcommit   %commit  kbactive   kbinact   kbdirty
18:11:34       445056    672824    166820     17.96     30268    228328    720968     49.62    293052     73136       812

18:11:34        CPU     %user     %nice   %system   %iowait    %steal     %idle
18:11:35        all      1.25      0.00      0.25      0.00      0.00     98.50

18:11:34    kbmemfree   kbavail kbmemused  %memused kbbuffers  kbcached  kbcommit   %commit  kbactive   kbinact   kbdirty
18:11:35       445056    672824    166820     17.96     30268    228328    720968     49.62    293052     73136       812

18:11:35        CPU     %user     %nice   %system   %iowait    %steal     %idle
18:11:36        all      1.01      0.00      0.25      0.00      0.00     98.74

18:11:35    kbmemfree   kbavail kbmemused  %memused kbbuffers  kbcached  kbcommit   %commit  kbactive   kbinact   kbdirty
18:11:36       445056    672824    166820     17.96     30268    228328    720968     49.62    293052     73136       812

18:11:36        CPU     %user     %nice   %system   %iowait    %steal     %idle
18:11:37        all      1.26      0.00      1.01      0.00      0.00     97.73

18:11:36    kbmemfree   kbavail kbmemused  %memused kbbuffers  kbcached  kbcommit   %commit  kbactive   kbinact   kbdirty
18:11:37       446088    673864    165780     17.85     30276    228328    720968     49.62    293144     73144       836

18:11:37        CPU     %user     %nice   %system   %iowait    %steal     %idle
18:11:38        all      1.25      0.00      0.50      0.00      0.00     98.25

18:11:37    kbmemfree   kbavail kbmemused  %memused kbbuffers  kbcached  kbcommit   %commit  kbactive   kbinact   kbdirty
18:11:38       446088    673868    165776     17.85     30276    228328    720968     49.62    293088     73144       864

18:11:38        CPU     %user     %nice   %system   %iowait    %steal     %idle
18:11:39        all      3.52      0.00      0.25      0.50      0.00     95.73

18:11:38    kbmemfree   kbavail kbmemused  %memused kbbuffers  kbcached  kbcommit   %commit  kbactive   kbinact   kbdirty
18:11:39       447212    675344    164288     17.69     30440    228528    730740     50.30    294056     73496       864

18:11:39        CPU     %user     %nice   %system   %iowait    %steal     %idle
18:11:40        all      0.25      0.00      0.25      0.00      0.00     99.49

18:11:39    kbmemfree   kbavail kbmemused  %memused kbbuffers  kbcached  kbcommit   %commit  kbactive   kbinact   kbdirty
18:11:40       447212    675376    164232     17.69     30440    228576    730740     50.30    294116     73528       864

18:11:40        CPU     %user     %nice   %system   %iowait    %steal     %idle
18:11:41        all      3.52      0.00      0.75      0.00      0.00     95.73

18:11:40    kbmemfree   kbavail kbmemused  %memused kbbuffers  kbcached  kbcommit   %commit  kbactive   kbinact   kbdirty
18:11:41       448164    676344    163216     17.58     30444    228628    747156     51.43    294232     73544       864

18:11:41        CPU     %user     %nice   %system   %iowait    %steal     %idle
18:11:42        all      0.76      0.00      0.00      0.00      0.00     99.24

18:11:41    kbmemfree   kbavail kbmemused  %memused kbbuffers  kbcached  kbcommit   %commit  kbactive   kbinact   kbdirty
18:11:42       449092    677328    162272     17.48     30452    228632    747156     51.43    294288     73580       448

18:11:42        CPU     %user     %nice   %system   %iowait    %steal     %idle
18:11:43        all      1.00      0.00      0.25      0.00      0.00     98.75

18:11:42    kbmemfree   kbavail kbmemused  %memused kbbuffers  kbcached  kbcommit   %commit  kbactive   kbinact   kbdirty
18:11:43       450024    678260    161340     17.37     30452    228632    747156     51.43    294336     73580       448

18:11:43        CPU     %user     %nice   %system   %iowait    %steal     %idle
18:11:44        all      1.00      0.00      0.00      0.00      0.00     99.00

18:11:43    kbmemfree   kbavail kbmemused  %memused kbbuffers  kbcached  kbcommit   %commit  kbactive   kbinact   kbdirty
18:11:44       450888    679124    160476     17.28     30452    228632    747156     51.43    294336     73580       448

18:11:44        CPU     %user     %nice   %system   %iowait    %steal     %idle
18:11:45        all      0.75      0.00      0.00      0.00      0.00     99.25

18:11:44    kbmemfree   kbavail kbmemused  %memused kbbuffers  kbcached  kbcommit   %commit  kbactive   kbinact   kbdirty
18:11:45       451644    679880    159720     17.20     30452    228632    747156     51.43    294336     73580       448

18:11:45        CPU     %user     %nice   %system   %iowait    %steal     %idle
18:11:46        all      1.01      0.00      0.25      0.00      0.00     98.74

18:11:45    kbmemfree   kbavail kbmemused  %memused kbbuffers  kbcached  kbcommit   %commit  kbactive   kbinact   kbdirty
18:11:46       451820    680056    159544     17.18     30452    228632    747156     51.43    294336     73580       448

18:11:46        CPU     %user     %nice   %system   %iowait    %steal     %idle
18:11:47        all      1.26      0.00      0.50      0.00      0.00     98.24

18:11:46    kbmemfree   kbavail kbmemused  %memused kbbuffers  kbcached  kbcommit   %commit  kbactive   kbinact   kbdirty
18:11:47       451820    680056    159544     17.18     30452    228632    747156     51.43    294336     73580       448

18:11:47        CPU     %user     %nice   %system   %iowait    %steal     %idle
18:11:48        all      1.51      0.00      1.01      0.00      0.00     97.48

18:11:47    kbmemfree   kbavail kbmemused  %memused kbbuffers  kbcached  kbcommit   %commit  kbactive   kbinact   kbdirty
18:11:48       451568    679804    159788     17.21     30460    228632    747156     51.43    294312     73580       488

18:11:48        CPU     %user     %nice   %system   %iowait    %steal     %idle
18:11:49        all      1.50      0.00      0.25      0.00      0.00     98.25

18:11:48    kbmemfree   kbavail kbmemused  %memused kbbuffers  kbcached  kbcommit   %commit  kbactive   kbinact   kbdirty
18:11:49       451568    679804    159788     17.21     30460    228632    747156     51.43    294312     73580       488

18:11:49        CPU     %user     %nice   %system   %iowait    %steal     %idle
18:11:50        all      1.00      0.00      0.75      0.00      0.00     98.25

18:11:49    kbmemfree   kbavail kbmemused  %memused kbbuffers  kbcached  kbcommit   %commit  kbactive   kbinact   kbdirty
18:11:50       451568    679804    159788     17.21     30460    228632    747156     51.43    294312     73580       488

18:11:50        CPU     %user     %nice   %system   %iowait    %steal     %idle
18:11:51        all      1.26      0.00      0.25      0.00      0.00     98.49

18:11:50    kbmemfree   kbavail kbmemused  %memused kbbuffers  kbcached  kbcommit   %commit  kbactive   kbinact   kbdirty
18:11:51       451568    679804    159788     17.21     30460    228632    747156     51.43    294312     73580       488

18:11:51        CPU     %user     %nice   %system   %iowait    %steal     %idle
18:11:52        all      1.76      0.00      0.25      0.00      0.00     97.99

18:11:51    kbmemfree   kbavail kbmemused  %memused kbbuffers  kbcached  kbcommit   %commit  kbactive   kbinact   kbdirty
18:11:52       451820    680088    159536     17.18     30460    228632    747124     51.42    294380     73612       324

18:11:52        CPU     %user     %nice   %system   %iowait    %steal     %idle
18:11:53        all      1.27      0.00      0.76      0.00      0.00     97.97

18:11:52    kbmemfree   kbavail kbmemused  %memused kbbuffers  kbcached  kbcommit   %commit  kbactive   kbinact   kbdirty
18:11:53       451768    680048    159564     17.18     30468    228636    747124     51.42    294340     73624       368

18:11:53        CPU     %user     %nice   %system   %iowait    %steal     %idle
18:11:54        all      1.50      0.00      0.75      0.00      0.00     97.75

18:11:53    kbmemfree   kbavail kbmemused  %memused kbbuffers  kbcached  kbcommit   %commit  kbactive   kbinact   kbdirty
18:11:54       451768    680048    159564     17.18     30468    228636    747124     51.42    294340     73624       368

18:11:54        CPU     %user     %nice   %system   %iowait    %steal     %idle
18:11:55        all      1.51      0.00      0.50      0.00      0.00     97.99

18:11:54    kbmemfree   kbavail kbmemused  %memused kbbuffers  kbcached  kbcommit   %commit  kbactive   kbinact   kbdirty
18:11:55       451768    680048    159564     17.18     30468    228636    747124     51.42    294340     73624       368

18:11:55        CPU     %user     %nice   %system   %iowait    %steal     %idle
18:11:56        all      1.50      0.00      0.50      0.00      0.00     97.99

18:11:55    kbmemfree   kbavail kbmemused  %memused kbbuffers  kbcached  kbcommit   %commit  kbactive   kbinact   kbdirty
18:11:56       451768    680048    159564     17.18     30468    228636    747124     51.42    294340     73624       368

18:11:56        CPU     %user     %nice   %system   %iowait    %steal     %idle
18:11:57        all      1.50      0.00      0.25      0.00      0.00     98.25

18:11:56    kbmemfree   kbavail kbmemused  %memused kbbuffers  kbcached  kbcommit   %commit  kbactive   kbinact   kbdirty
18:11:57       451768    680048    159568     17.18     30468    228636    747124     51.42    294340     73624       368

18:11:57        CPU     %user     %nice   %system   %iowait    %steal     %idle
18:11:58        all      1.77      0.00      0.51      0.25      0.00     97.47

18:11:57    kbmemfree   kbavail kbmemused  %memused kbbuffers  kbcached  kbcommit   %commit  kbactive   kbinact   kbdirty
18:11:58       451568    679848    159768     17.21     30476    228628    747124     51.42    294228     73624       368

18:11:58        CPU     %user     %nice   %system   %iowait    %steal     %idle
18:11:59        all      1.26      0.00      0.00      0.00      0.00     98.74

18:11:58    kbmemfree   kbavail kbmemused  %memused kbbuffers  kbcached  kbcommit   %commit  kbactive   kbinact   kbdirty
18:11:59       451516    679804    159804     17.21     30476    228636    747124     51.42    294280     73632       408

18:11:59        CPU     %user     %nice   %system   %iowait    %steal     %idle
18:12:00        all      2.00      0.00      0.25      0.25      0.00     97.50

18:11:59    kbmemfree   kbavail kbmemused  %memused kbbuffers  kbcached  kbcommit   %commit  kbactive   kbinact   kbdirty
18:12:00       451516    679820    159736     17.20     30476    228704    747124     51.42    294404     73632       408

18:12:00        CPU     %user     %nice   %system   %iowait    %steal     %idle
18:12:01        all      1.51      0.00      0.50      0.00      0.00     97.99

18:12:00    kbmemfree   kbavail kbmemused  %memused kbbuffers  kbcached  kbcommit   %commit  kbactive   kbinact   kbdirty
18:12:01       451516    679820    159736     17.20     30476    228704    747124     51.42    294404     73632       408

18:12:01        CPU     %user     %nice   %system   %iowait    %steal     %idle
18:12:02        all      1.26      0.00      0.25      0.00      0.00     98.49

18:12:01    kbmemfree   kbavail kbmemused  %memused kbbuffers  kbcached  kbcommit   %commit  kbactive   kbinact   kbdirty
18:12:02       451516    679820    159736     17.20     30476    228704    747124     51.42    294404     73632         8

18:12:02        CPU     %user     %nice   %system   %iowait    %steal     %idle
18:12:03        all      1.52      0.00      0.76      0.25      0.00     97.47

18:12:02    kbmemfree   kbavail kbmemused  %memused kbbuffers  kbcached  kbcommit   %commit  kbactive   kbinact   kbdirty
18:12:03       451264    679760    159848     17.21     30484    228836    747124     51.42    294552     73644       280

18:12:03        CPU     %user     %nice   %system   %iowait    %steal     %idle
18:12:04        all      2.00      0.00      0.50      0.00      0.00     97.50

18:12:03    kbmemfree   kbavail kbmemused  %memused kbbuffers  kbcached  kbcommit   %commit  kbactive   kbinact   kbdirty
18:12:04       451264    679760    159848     17.21     30484    228836    747124     51.42    294552     73644       280

18:12:04        CPU     %user     %nice   %system   %iowait    %steal     %idle
18:12:05        all      1.27      0.00      0.00      0.00      0.00     98.73

18:12:04    kbmemfree   kbavail kbmemused  %memused kbbuffers  kbcached  kbcommit   %commit  kbactive   kbinact   kbdirty
18:12:05       451264    679760    159848     17.21     30484    228836    747124     51.42    294552     73644       280

18:12:05        CPU     %user     %nice   %system   %iowait    %steal     %idle
18:12:06        all      1.77      0.00      0.00      0.00      0.00     98.23

18:12:05    kbmemfree   kbavail kbmemused  %memused kbbuffers  kbcached  kbcommit   %commit  kbactive   kbinact   kbdirty
18:12:06       451264    679760    159848     17.21     30484    228836    747124     51.42    294552     73644       280

18:12:06        CPU     %user     %nice   %system   %iowait    %steal     %idle
18:12:07        all      1.52      0.00      0.00      0.00      0.00     98.48

18:12:06    kbmemfree   kbavail kbmemused  %memused kbbuffers  kbcached  kbcommit   %commit  kbactive   kbinact   kbdirty
18:12:07       451264    679760    159848     17.21     30484    228836    747124     51.42    294552     73644       280

18:12:07        CPU     %user     %nice   %system   %iowait    %steal     %idle
18:12:08        all      2.01      0.00      0.25      0.00      0.00     97.74

18:12:07    kbmemfree   kbavail kbmemused  %memused kbbuffers  kbcached  kbcommit   %commit  kbactive   kbinact   kbdirty
18:12:08       451264    679760    159848     17.21     30484    228836    747124     51.42    294552     73644       280

18:12:08        CPU     %user     %nice   %system   %iowait    %steal     %idle
18:12:09        all      1.77      0.00      1.26      0.00      0.00     96.97

18:12:08    kbmemfree   kbavail kbmemused  %memused kbbuffers  kbcached  kbcommit   %commit  kbactive   kbinact   kbdirty
18:12:09       451516    680020    159588     17.19     30492    228836    747124     51.42    294496     73652       320

18:12:09        CPU     %user     %nice   %system   %iowait    %steal     %idle
18:12:10        all      2.02      0.00      0.00      0.00      0.00     97.98

18:12:09    kbmemfree   kbavail kbmemused  %memused kbbuffers  kbcached  kbcommit   %commit  kbactive   kbinact   kbdirty
18:12:10       451516    680020    159588     17.19     30492    228836    747124     51.42    294496     73652       320

18:12:10        CPU     %user     %nice   %system   %iowait    %steal     %idle
18:12:11        all      2.01      0.00      0.00      0.00      0.00     97.99

18:12:10    kbmemfree   kbavail kbmemused  %memused kbbuffers  kbcached  kbcommit   %commit  kbactive   kbinact   kbdirty
18:12:11       451516    680020    159588     17.19     30492    228836    747124     51.42    294496     73652       320

18:12:11        CPU     %user     %nice   %system   %iowait    %steal     %idle
18:12:12        all      1.51      0.00      0.25      0.00      0.00     98.24

18:12:11    kbmemfree   kbavail kbmemused  %memused kbbuffers  kbcached  kbcommit   %commit  kbactive   kbinact   kbdirty
18:12:12       451516    680020    159588     17.19     30492    228836    747124     51.42    294496     73652       320

18:12:12        CPU     %user     %nice   %system   %iowait    %steal     %idle
18:12:13        all      1.76      0.00      0.50      0.00      0.00     97.74

18:12:12    kbmemfree   kbavail kbmemused  %memused kbbuffers  kbcached  kbcommit   %commit  kbactive   kbinact   kbdirty
18:12:13       451516    680020    159584     17.19     30492    228840    747124     51.42    294496     73652       324

18:12:13        CPU     %user     %nice   %system   %iowait    %steal     %idle
18:12:14        all      1.77      0.00      0.51      0.25      0.00     97.47

18:12:13    kbmemfree   kbavail kbmemused  %memused kbbuffers  kbcached  kbcommit   %commit  kbactive   kbinact   kbdirty
18:12:14       450816    679332    160276     17.26     30500    228840    747124     51.42    294492     73664       324

18:12:14        CPU     %user     %nice   %system   %iowait    %steal     %idle
18:12:15        all      1.51      0.00      0.50      0.00      0.00     97.99

18:12:14    kbmemfree   kbavail kbmemused  %memused kbbuffers  kbcached  kbcommit   %commit  kbactive   kbinact   kbdirty
18:12:15       450760    679276    160332     17.27     30500    228840    747124     51.42    294472     73664       352

18:12:15        CPU     %user     %nice   %system   %iowait    %steal     %idle
18:12:16        all      1.02      0.00      0.00      0.00      0.00     98.98

18:12:15    kbmemfree   kbavail kbmemused  %memused kbbuffers  kbcached  kbcommit   %commit  kbactive   kbinact   kbdirty
18:12:16       450760    679276    160332     17.27     30500    228840    747124     51.42    294472     73664       352

18:12:16        CPU     %user     %nice   %system   %iowait    %steal     %idle
18:12:17        all      1.77      0.00      0.25      0.00      0.00     97.98

18:12:16    kbmemfree   kbavail kbmemused  %memused kbbuffers  kbcached  kbcommit   %commit  kbactive   kbinact   kbdirty
18:12:17       450760    679276    160332     17.27     30500    228840    747124     51.42    294472     73664       352

18:12:17        CPU     %user     %nice   %system   %iowait    %steal     %idle
18:12:18        all      2.01      0.00      0.00      0.00      0.00     97.99

18:12:17    kbmemfree   kbavail kbmemused  %memused kbbuffers  kbcached  kbcommit   %commit  kbactive   kbinact   kbdirty
18:12:18       450760    679276    160332     17.27     30500    228840    747124     51.42    294472     73664       352

18:12:18        CPU     %user     %nice   %system   %iowait    %steal     %idle
18:12:19        all      1.52      0.00      0.76      0.00      0.00     97.72

18:12:18    kbmemfree   kbavail kbmemused  %memused kbbuffers  kbcached  kbcommit   %commit  kbactive   kbinact   kbdirty
18:12:19       450760    679276    160332     17.27     30508    228832    747124     51.42    294572     73664       352

18:12:19        CPU     %user     %nice   %system   %iowait    %steal     %idle
18:12:20        all      2.02      0.00      0.25      0.00      0.00     97.73

18:12:19    kbmemfree   kbavail kbmemused  %memused kbbuffers  kbcached  kbcommit   %commit  kbactive   kbinact   kbdirty
18:12:20       450760    679276    160324     17.27     30508    228840    747124     51.42    294592     73664       388

18:12:20        CPU     %user     %nice   %system   %iowait    %steal     %idle
18:12:21        all      2.01      0.00      0.25      0.00      0.00     97.74

18:12:20    kbmemfree   kbavail kbmemused  %memused kbbuffers  kbcached  kbcommit   %commit  kbactive   kbinact   kbdirty
18:12:21       450760    679276    160324     17.27     30508    228840    747124     51.42    294592     73664       388

18:12:21        CPU     %user     %nice   %system   %iowait    %steal     %idle
18:12:22        all      1.52      0.00      0.25      0.00      0.00     98.23

18:12:21    kbmemfree   kbavail kbmemused  %memused kbbuffers  kbcached  kbcommit   %commit  kbactive   kbinact   kbdirty
18:12:22       450760    679276    160324     17.27     30508    228840    747124     51.42    294592     73664       388

18:12:22        CPU     %user     %nice   %system   %iowait    %steal     %idle
18:12:23        all      1.75      0.00      0.50      0.00      0.00     97.74

18:12:22    kbmemfree   kbavail kbmemused  %memused kbbuffers  kbcached  kbcommit   %commit  kbactive   kbinact   kbdirty
18:12:23       450760    679276    160320     17.26     30508    228844    747124     51.42    294592     73664       392

18:12:23        CPU     %user     %nice   %system   %iowait    %steal     %idle
18:12:24        all      1.27      0.00      1.52      0.00      0.00     97.21

18:12:23    kbmemfree   kbavail kbmemused  %memused kbbuffers  kbcached  kbcommit   %commit  kbactive   kbinact   kbdirty
18:12:24       450760    679276    160320     17.26     30516    228836    747124     51.42    294692     73664       392

18:12:24        CPU     %user     %nice   %system   %iowait    %steal     %idle
18:12:25        all      1.52      0.00      0.00      0.00      0.00     98.48

18:12:24    kbmemfree   kbavail kbmemused  %memused kbbuffers  kbcached  kbcommit   %commit  kbactive   kbinact   kbdirty
18:12:25       450760    679304    160304     17.26     30516    228844    747124     51.42    294592     73684       424

18:12:25        CPU     %user     %nice   %system   %iowait    %steal     %idle
18:12:26        all      2.26      0.00      0.00      0.00      0.00     97.74

18:12:25    kbmemfree   kbavail kbmemused  %memused kbbuffers  kbcached  kbcommit   %commit  kbactive   kbinact   kbdirty
18:12:26       450760    679304    160304     17.26     30516    228844    747124     51.42    294592     73684       424

18:12:26        CPU     %user     %nice   %system   %iowait    %steal     %idle
18:12:27        all      0.77      0.00      0.26      0.00      0.00     98.98

18:12:26    kbmemfree   kbavail kbmemused  %memused kbbuffers  kbcached  kbcommit   %commit  kbactive   kbinact   kbdirty
18:12:27       450760    679304    160304     17.26     30516    228844    747124     51.42    294592     73684       424

18:12:27        CPU     %user     %nice   %system   %iowait    %steal     %idle
18:12:28        all      1.76      0.00      0.50      0.00      0.00     97.74

18:12:27    kbmemfree   kbavail kbmemused  %memused kbbuffers  kbcached  kbcommit   %commit  kbactive   kbinact   kbdirty
18:12:28       450760    679304    160304     17.26     30516    228844    747124     51.42    294592     73684       424

18:12:28        CPU     %user     %nice   %system   %iowait    %steal     %idle
18:12:29        all      1.52      0.00      0.25      0.00      0.00     98.23

18:12:28    kbmemfree   kbavail kbmemused  %memused kbbuffers  kbcached  kbcommit   %commit  kbactive   kbinact   kbdirty
18:12:29       450760    679304    160304     17.26     30516    228844    747124     51.42    294592     73684       424

18:12:29        CPU     %user     %nice   %system   %iowait    %steal     %idle
18:12:30        all      1.77      0.00      1.01      0.00      0.00     97.22

18:12:29    kbmemfree   kbavail kbmemused  %memused kbbuffers  kbcached  kbcommit   %commit  kbactive   kbinact   kbdirty
18:12:30       450760    679308    160296     17.26     30524    228844    747124     51.42    294592     73688       460

18:12:30        CPU     %user     %nice   %system   %iowait    %steal     %idle
18:12:31        all      1.76      0.00      0.50      0.00      0.00     97.73

18:12:30    kbmemfree   kbavail kbmemused  %memused kbbuffers  kbcached  kbcommit   %commit  kbactive   kbinact   kbdirty
18:12:31       450760    679308    160296     17.26     30524    228844    747124     51.42    294592     73688       460

18:12:31        CPU     %user     %nice   %system   %iowait    %steal     %idle
18:12:32        all      1.52      0.00      0.00      0.00      0.00     98.48

18:12:31    kbmemfree   kbavail kbmemused  %memused kbbuffers  kbcached  kbcommit   %commit  kbactive   kbinact   kbdirty
18:12:32       450760    679308    160296     17.26     30524    228844    747124     51.42    294592     73688       460

18:12:32        CPU     %user     %nice   %system   %iowait    %steal     %idle
18:12:33        all      1.27      0.00      0.51      0.00      0.00     98.23

18:12:32    kbmemfree   kbavail kbmemused  %memused kbbuffers  kbcached  kbcommit   %commit  kbactive   kbinact   kbdirty
18:12:33       450760    679308    160292     17.26     30524    228848    747124     51.42    294592     73688        64

18:12:33        CPU     %user     %nice   %system   %iowait    %steal     %idle
18:12:34        all      1.26      0.00      0.76      0.00      0.00     97.98

18:12:33    kbmemfree   kbavail kbmemused  %memused kbbuffers  kbcached  kbcommit   %commit  kbactive   kbinact   kbdirty
18:12:34       450760    679308    160292     17.26     30524    228848    747124     51.42    294592     73688        68

18:12:34        CPU     %user     %nice   %system   %iowait    %steal     %idle
18:12:35        all      1.77      0.00      0.76      0.25      0.00     97.22

18:12:34    kbmemfree   kbavail kbmemused  %memused kbbuffers  kbcached  kbcommit   %commit  kbactive   kbinact   kbdirty
18:12:35       450760    679324    160284     17.26     30532    228848    747124     51.42    294580     73704       284

18:12:35        CPU     %user     %nice   %system   %iowait    %steal     %idle
18:12:36        all      1.27      0.00      0.51      0.00      0.00     98.23

18:12:35    kbmemfree   kbavail kbmemused  %memused kbbuffers  kbcached  kbcommit   %commit  kbactive   kbinact   kbdirty
18:12:36       450760    679324    160284     17.26     30532    228848    747124     51.42    294580     73704       284

18:12:36        CPU     %user     %nice   %system   %iowait    %steal     %idle
18:12:37        all      1.27      0.00      0.51      0.00      0.00     98.23

18:12:36    kbmemfree   kbavail kbmemused  %memused kbbuffers  kbcached  kbcommit   %commit  kbactive   kbinact   kbdirty
18:12:37       450760    679324    160284     17.26     30532    228848    747124     51.42    294580     73704       284

18:12:37        CPU     %user     %nice   %system   %iowait    %steal     %idle
18:12:38        all      3.02      0.00      0.75      0.00      0.00     96.23

18:12:37    kbmemfree   kbavail kbmemused  %memused kbbuffers  kbcached  kbcommit   %commit  kbactive   kbinact   kbdirty
18:12:38       450760    679324    160284     17.26     30532    228848    755364     51.99    294580     73704       284

18:12:38        CPU     %user     %nice   %system   %iowait    %steal     %idle
18:12:39        all      1.00      0.00      0.25      0.00      0.00     98.75

18:12:38    kbmemfree   kbavail kbmemused  %memused kbbuffers  kbcached  kbcommit   %commit  kbactive   kbinact   kbdirty
18:12:39       450760    679324    160280     17.26     30532    228848    755364     51.99    294584     73704       284

18:12:39        CPU     %user     %nice   %system   %iowait    %steal     %idle
18:12:40        all      1.26      0.00      0.50      0.00      0.00     98.24

18:12:39    kbmemfree   kbavail kbmemused  %memused kbbuffers  kbcached  kbcommit   %commit  kbactive   kbinact   kbdirty
18:12:40       450760    679332    160272     17.26     30540    228848    755364     51.99    294544     73712       320

18:12:40        CPU     %user     %nice   %system   %iowait    %steal     %idle
18:12:41        all      1.25      0.00      0.25      0.00      0.00     98.50

18:12:40    kbmemfree   kbavail kbmemused  %memused kbbuffers  kbcached  kbcommit   %commit  kbactive   kbinact   kbdirty
18:12:41       450760    679332    160272     17.26     30540    228848    755364     51.99    294592     73712       320

18:12:41        CPU     %user     %nice   %system   %iowait    %steal     %idle
18:12:42        all      1.01      0.00      0.00      0.00      0.00     98.99

18:12:41    kbmemfree   kbavail kbmemused  %memused kbbuffers  kbcached  kbcommit   %commit  kbactive   kbinact   kbdirty
18:12:42       450760    679332    160272     17.26     30540    228848    755364     51.99    294592     73712       320

18:12:42        CPU     %user     %nice   %system   %iowait    %steal     %idle
18:12:43        all      1.51      0.00      0.25      0.00      0.00     98.24

18:12:42    kbmemfree   kbavail kbmemused  %memused kbbuffers  kbcached  kbcommit   %commit  kbactive   kbinact   kbdirty
18:12:43       450760    679332    160268     17.26     30540    228852    755364     51.99    294592     73712       324

18:12:43        CPU     %user     %nice   %system   %iowait    %steal     %idle
18:12:44        all      2.27      0.00      0.25      0.00      0.00     97.47

18:12:43    kbmemfree   kbavail kbmemused  %memused kbbuffers  kbcached  kbcommit   %commit  kbactive   kbinact   kbdirty
18:12:44       450760    679332    160268     17.26     30540    228852    755364     51.99    294592     73712       324

18:12:44        CPU     %user     %nice   %system   %iowait    %steal     %idle
18:12:45        all      1.52      0.00      1.52      0.00      0.00     96.97

18:12:44    kbmemfree   kbavail kbmemused  %memused kbbuffers  kbcached  kbcommit   %commit  kbactive   kbinact   kbdirty
18:12:45       451012    679596    160012     17.23     30548    228852    755364     51.99    294580     73724       356

18:12:45        CPU     %user     %nice   %system   %iowait    %steal     %idle
18:12:46        all      2.78      0.00      0.25      0.00      0.00     96.96

18:12:45    kbmemfree   kbavail kbmemused  %memused kbbuffers  kbcached  kbcommit   %commit  kbactive   kbinact   kbdirty
18:12:46       451012    679596    160008     17.23     30548    228852    755364     51.99    294580     73724       356

18:12:46        CPU     %user     %nice   %system   %iowait    %steal     %idle
18:12:47        all      1.77      0.00      0.25      0.00      0.00     97.98

18:12:46    kbmemfree   kbavail kbmemused  %memused kbbuffers  kbcached  kbcommit   %commit  kbactive   kbinact   kbdirty
18:12:47       451012    679596    160008     17.23     30548    228852    755364     51.99    294564     73724       356

18:12:47        CPU     %user     %nice   %system   %iowait    %steal     %idle
18:12:48        all      1.51      0.00      1.26      0.00      0.00     97.24

18:12:47    kbmemfree   kbavail kbmemused  %memused kbbuffers  kbcached  kbcommit   %commit  kbactive   kbinact   kbdirty
18:12:48       451012    679596    160008     17.23     30548    228852    755316     51.99    294660     73724       356

18:12:48        CPU     %user     %nice   %system   %iowait    %steal     %idle
18:12:49        all      2.02      0.00      0.25      0.00      0.00     97.73

18:12:48    kbmemfree   kbavail kbmemused  %memused kbbuffers  kbcached  kbcommit   %commit  kbactive   kbinact   kbdirty
18:12:49       451012    679596    160008     17.23     30548    228852    755316     51.99    294660     73724       356

18:12:49        CPU     %user     %nice   %system   %iowait    %steal     %idle
18:12:50        all      2.27      0.00      1.01      0.00      0.00     96.73

18:12:49    kbmemfree   kbavail kbmemused  %memused kbbuffers  kbcached  kbcommit   %commit  kbactive   kbinact   kbdirty
18:12:50       451012    679596    160008     17.23     30548    228852    755316     51.99    294660     73724       356

18:12:50        CPU     %user     %nice   %system   %iowait    %steal     %idle
18:12:51        all      2.28      0.00      0.25      0.00      0.00     97.46

18:12:50    kbmemfree   kbavail kbmemused  %memused kbbuffers  kbcached  kbcommit   %commit  kbactive   kbinact   kbdirty
18:12:51       451012    679596    160008     17.23     30556    228844    755316     51.99    294660     73724       356

18:12:51        CPU     %user     %nice   %system   %iowait    %steal     %idle
18:12:52        all      2.02      0.00      0.51      0.00      0.00     97.47

18:12:51    kbmemfree   kbavail kbmemused  %memused kbbuffers  kbcached  kbcommit   %commit  kbactive   kbinact   kbdirty
18:12:52       451012    679596    160008     17.23     30556    228844    755316     51.99    294660     73724       356

18:12:52        CPU     %user     %nice   %system   %iowait    %steal     %idle
18:12:53        all      1.77      0.00      0.25      0.00      0.00     97.97

18:12:52    kbmemfree   kbavail kbmemused  %memused kbbuffers  kbcached  kbcommit   %commit  kbactive   kbinact   kbdirty
18:12:53       451012    679604    159996     17.23     30556    228856    755316     51.99    294676     73732       392

18:12:53        CPU     %user     %nice   %system   %iowait    %steal     %idle
18:12:54        all      1.27      0.00      0.51      0.00      0.00     98.22

18:12:53    kbmemfree   kbavail kbmemused  %memused kbbuffers  kbcached  kbcommit   %commit  kbactive   kbinact   kbdirty
18:12:54       451012    679604    159996     17.23     30556    228856    755332     51.99    294676     73732       392

18:12:54        CPU     %user     %nice   %system   %iowait    %steal     %idle
18:12:55        all      1.02      0.00      0.51      0.00      0.00     98.47

18:12:54    kbmemfree   kbavail kbmemused  %memused kbbuffers  kbcached  kbcommit   %commit  kbactive   kbinact   kbdirty
18:12:55       451012    679604    159996     17.23     30556    228856    755332     51.99    294676     73732       392

18:12:55        CPU     %user     %nice   %system   %iowait    %steal     %idle
18:12:56        all      2.27      0.00      0.76      0.00      0.00     96.98

18:12:55    kbmemfree   kbavail kbmemused  %memused kbbuffers  kbcached  kbcommit   %commit  kbactive   kbinact   kbdirty
18:12:56       451516    680120    159484     17.17     30564    228856    755332     51.99    294608     73744       428

18:12:56        CPU     %user     %nice   %system   %iowait    %steal     %idle
18:12:57        all      1.27      0.00      0.51      0.00      0.00     98.22

18:12:56    kbmemfree   kbavail kbmemused  %memused kbbuffers  kbcached  kbcommit   %commit  kbactive   kbinact   kbdirty
18:12:57       451516    680120    159484     17.17     30564    228856    755332     51.99    294608     73744       428

18:12:57        CPU     %user     %nice   %system   %iowait    %steal     %idle
18:12:58        all      1.76      0.00      1.01      0.00      0.00     97.23

18:12:57    kbmemfree   kbavail kbmemused  %memused kbbuffers  kbcached  kbcommit   %commit  kbactive   kbinact   kbdirty
18:12:58       451516    680120    159484     17.17     30564    228856    755332     51.99    294608     73744       428

18:12:58        CPU     %user     %nice   %system   %iowait    %steal     %idle
18:12:59        all      1.52      0.00      0.00      0.00      0.00     98.48

18:12:58    kbmemfree   kbavail kbmemused  %memused kbbuffers  kbcached  kbcommit   %commit  kbactive   kbinact   kbdirty
18:12:59       451516    680120    159484     17.17     30564    228856    755332     51.99    294608     73744       428

18:12:59        CPU     %user     %nice   %system   %iowait    %steal     %idle
18:13:00        all      1.77      0.00      0.51      0.00      0.00     97.73

18:12:59    kbmemfree   kbavail kbmemused  %memused kbbuffers  kbcached  kbcommit   %commit  kbactive   kbinact   kbdirty
18:13:00       451516    680120    159484     17.17     30564    228856    755332     51.99    294608     73744       428

18:13:00        CPU     %user     %nice   %system   %iowait    %steal     %idle
18:13:01        all      2.27      0.00      0.76      0.25      0.00     96.72

18:13:00    kbmemfree   kbavail kbmemused  %memused kbbuffers  kbcached  kbcommit   %commit  kbactive   kbinact   kbdirty
18:13:01       451516    680128    159468     17.17     30572    228856    755332     51.99    294696     73752       456

18:13:01        CPU     %user     %nice   %system   %iowait    %steal     %idle
18:13:02        all      1.77      0.00      0.25      0.00      0.00     97.98

18:13:01    kbmemfree   kbavail kbmemused  %memused kbbuffers  kbcached  kbcommit   %commit  kbactive   kbinact   kbdirty
18:13:02       451516    680128    159468     17.17     30572    228856    755332     51.99    294696     73752       468

18:13:02        CPU     %user     %nice   %system   %iowait    %steal     %idle
18:13:03        all      1.27      0.00      0.76      0.00      0.00     97.97

18:13:02    kbmemfree   kbavail kbmemused  %memused kbbuffers  kbcached  kbcommit   %commit  kbactive   kbinact   kbdirty
18:13:03       451516    680128    159464     17.17     30572    228860    755332     51.99    294696     73752       472

18:13:03        CPU     %user     %nice   %system   %iowait    %steal     %idle
18:13:04        all      1.51      0.00      0.76      0.00      0.00     97.73

18:13:03    kbmemfree   kbavail kbmemused  %memused kbbuffers  kbcached  kbcommit   %commit  kbactive   kbinact   kbdirty
18:13:04       451516    680128    159464     17.17     30572    228860    755316     51.99    294696     73752       472

18:13:04        CPU     %user     %nice   %system   %iowait    %steal     %idle
18:13:05        all      1.76      0.00      0.76      0.00      0.00     97.48

18:13:04    kbmemfree   kbavail kbmemused  %memused kbbuffers  kbcached  kbcommit   %commit  kbactive   kbinact   kbdirty
18:13:05       451516    680128    159472     17.17     30572    228860    755316     51.99    294692     73752       460

18:13:05        CPU     %user     %nice   %system   %iowait    %steal     %idle
18:13:06        all      2.02      0.00      1.26      0.00      0.00     96.72

18:13:05    kbmemfree   kbavail kbmemused  %memused kbbuffers  kbcached  kbcommit   %commit  kbactive   kbinact   kbdirty
18:13:06       451516    680128    159472     17.17     30580    228852    755316     51.99    294692     73752       460

18:13:06        CPU     %user     %nice   %system   %iowait    %steal     %idle
18:13:07        all      1.52      0.00      0.25      0.00      0.00     98.23

18:13:06    kbmemfree   kbavail kbmemused  %memused kbbuffers  kbcached  kbcommit   %commit  kbactive   kbinact   kbdirty
18:13:07       451516    680136    159456     17.17     30580    228860    755316     51.99    294692     73756       500

18:13:07        CPU     %user     %nice   %system   %iowait    %steal     %idle
18:13:08        all      1.77      0.00      0.51      0.00      0.00     97.73

18:13:07    kbmemfree   kbavail kbmemused  %memused kbbuffers  kbcached  kbcommit   %commit  kbactive   kbinact   kbdirty
18:13:08       451516    680136    159456     17.17     30580    228860    755316     51.99    294692     73756       500

18:13:08        CPU     %user     %nice   %system   %iowait    %steal     %idle
18:13:09        all      2.01      0.00      0.75      0.00      0.00     97.24

18:13:08    kbmemfree   kbavail kbmemused  %memused kbbuffers  kbcached  kbcommit   %commit  kbactive   kbinact   kbdirty
18:13:09       451516    680136    159456     17.17     30580    228860    755316     51.99    294692     73756       100

18:13:09        CPU     %user     %nice   %system   %iowait    %steal     %idle
18:13:10        all      2.02      0.00      0.25      0.00      0.00     97.73

18:13:09    kbmemfree   kbavail kbmemused  %memused kbbuffers  kbcached  kbcommit   %commit  kbactive   kbinact   kbdirty
18:13:10       451516    680144    159456     17.17     30580    228860    755316     51.99    294692     73764         4

18:13:10        CPU     %user     %nice   %system   %iowait    %steal     %idle
18:13:11        all      1.52      0.00      0.76      0.00      0.00     97.72

18:13:10    kbmemfree   kbavail kbmemused  %memused kbbuffers  kbcached  kbcommit   %commit  kbactive   kbinact   kbdirty
18:13:11       451516    680144    159456     17.17     30580    228860    755316     51.99    294692     73764         4

Average:        CPU     %user     %nice   %system   %iowait    %steal     %idle
Average:        all      1.61      0.00      0.45      0.02      0.00     97.92

Average:    kbmemfree   kbavail kbmemused  %memused kbbuffers  kbcached  kbcommit   %commit  kbactive   kbinact   kbdirty
Average:       450606    679035    160570     17.29     30497    228760    747761     51.47    294422     73636       408
