Linux 6.12.34+rpt-rpi-v8 (MarineServer) 	02/08/25 	_aarch64_	(4 CPU)

18:09:33      UID       PID    %usr %system  %guest   %wait    %CPU   CPU  Command
18:09:34     1000      4163    0.00    0.00    0.00    0.00    0.00     3  python

18:09:33      UID       PID  minflt/s  majflt/s     VSZ     RSS   %MEM  Command
18:09:34     1000      4163      0.00      0.00  473692   59112   6.37  python

18:09:34      UID       PID    %usr %system  %guest   %wait    %CPU   CPU  Command
18:09:35     1000      4163    1.00    0.00    0.00    0.00    1.00     3  python

18:09:34      UID       PID  minflt/s  majflt/s     VSZ     RSS   %MEM  Command
18:09:35     1000      4163      0.00      0.00  473692   59112   6.37  python

18:09:35      UID       PID    %usr %system  %guest   %wait    %CPU   CPU  Command
18:09:36     1000      4163    0.00    1.00    0.00    0.00    1.00     3  python

18:09:35      UID       PID  minflt/s  majflt/s     VSZ     RSS   %MEM  Command
18:09:36     1000      4163      0.00      0.00  473692   59112   6.37  python

18:09:36      UID       PID    %usr %system  %guest   %wait    %CPU   CPU  Command
18:09:37     1000      4163    0.00    0.00    0.00    0.00    0.00     3  python

18:09:36      UID       PID  minflt/s  majflt/s     VSZ     RSS   %MEM  Command
18:09:37     1000      4163      0.00      0.00  473692   59112   6.37  python

18:09:37      UID       PID    %usr %system  %guest   %wait    %CPU   CPU  Command
18:09:38     1000      4163    0.00    0.00    0.00    0.00    0.00     3  python

18:09:37      UID       PID  minflt/s  majflt/s     VSZ     RSS   %MEM  Command
18:09:38     1000      4163      0.00      0.00  473692   59112   6.37  python

18:09:38      UID       PID    %usr %system  %guest   %wait    %CPU   CPU  Command
18:09:39     1000      4163    1.00    0.00    0.00    0.00    1.00     3  python

18:09:38      UID       PID  minflt/s  majflt/s     VSZ     RSS   %MEM  Command
18:09:39     1000      4163      0.00      0.00  473692   59112   6.37  python

18:09:39      UID       PID    %usr %system  %guest   %wait    %CPU   CPU  Command
18:09:40     1000      4163    1.00    0.00    0.00    0.00    1.00     3  python

18:09:39      UID       PID  minflt/s  majflt/s     VSZ     RSS   %MEM  Command
18:09:40     1000      4163      0.00      0.00  473692   59112   6.37  python

18:09:40      UID       PID    %usr %system  %guest   %wait    %CPU   CPU  Command
18:09:41     1000      4163    1.00    0.00    0.00    0.00    1.00     3  python

18:09:40      UID       PID  minflt/s  majflt/s     VSZ     RSS   %MEM  Command
18:09:41     1000      4163      0.00      0.00  473692   59112   6.37  python

18:09:41      UID       PID    %usr %system  %guest   %wait    %CPU   CPU  Command
18:09:42     1000      4163    1.00    0.00    0.00    0.00    1.00     1  python

18:09:41      UID       PID  minflt/s  majflt/s     VSZ     RSS   %MEM  Command
18:09:42     1000      4163      0.00      0.00  473692   59112   6.37  python

18:09:42      UID       PID    %usr %system  %guest   %wait    %CPU   CPU  Command
18:09:43     1000      4163    1.00    0.00    0.00    0.00    1.00     1  python

18:09:42      UID       PID  minflt/s  majflt/s     VSZ     RSS   %MEM  Command
18:09:43     1000      4163      0.00      0.00  473692   59112   6.37  python

18:09:43      UID       PID    %usr %system  %guest   %wait    %CPU   CPU  Command
18:09:44     1000      4163    1.00    0.00    0.00    0.00    1.00     1  python

18:09:43      UID       PID  minflt/s  majflt/s     VSZ     RSS   %MEM  Command
18:09:44     1000      4163      0.00      0.00  473692   59112   6.37  python

18:09:44      UID       PID    %usr %system  %guest   %wait    %CPU   CPU  Command
18:09:45     1000      4163    1.00    0.00    0.00    0.00    1.00     1  python

18:09:44      UID       PID  minflt/s  majflt/s     VSZ     RSS   %MEM  Command
18:09:45     1000      4163      1.00      0.00  473692   59112   6.37  python

18:09:45      UID       PID    %usr %system  %guest   %wait    %CPU   CPU  Command
18:09:46     1000      4163    0.00    0.00    0.00    0.00    0.00     1  python

18:09:45      UID       PID  minflt/s  majflt/s     VSZ     RSS   %MEM  Command
18:09:46     1000      4163      0.00      0.00  473692   59112   6.37  python

18:09:46      UID       PID    %usr %system  %guest   %wait    %CPU   CPU  Command
18:09:47     1000      4163    1.00    0.00    0.00    0.00    1.00     1  python

18:09:46      UID       PID  minflt/s  majflt/s     VSZ     RSS   %MEM  Command
18:09:47     1000      4163      0.00      0.00  473692   59112   6.37  python

18:09:47      UID       PID    %usr %system  %guest   %wait    %CPU   CPU  Command
18:09:48     1000      4163    1.00    0.00    0.00    0.00    1.00     1  python

18:09:47      UID       PID  minflt/s  majflt/s     VSZ     RSS   %MEM  Command
18:09:48     1000      4163      0.00      0.00  473692   59112   6.37  python

18:09:48      UID       PID    %usr %system  %guest   %wait    %CPU   CPU  Command
18:09:49     1000      4163   13.00    0.00    0.00    0.00   13.00     1  python

18:09:48      UID       PID  minflt/s  majflt/s     VSZ     RSS   %MEM  Command
18:09:49     1000      4163    187.00      0.00  622332   59752   6.43  python

18:09:49      UID       PID    %usr %system  %guest   %wait    %CPU   CPU  Command
18:09:50     1000      4163    1.00    0.00    0.00    0.00    1.00     1  python

18:09:49      UID       PID  minflt/s  majflt/s     VSZ     RSS   %MEM  Command
18:09:50     1000      4163      0.00      0.00  622332   59752   6.43  python

18:09:50      UID       PID    %usr %system  %guest   %wait    %CPU   CPU  Command
18:09:51     1000      4163    1.00    1.00    0.00    0.00    2.00     1  python

18:09:50      UID       PID  minflt/s  majflt/s     VSZ     RSS   %MEM  Command
18:09:51     1000      4163      0.00      0.00  622332   59752   6.43  python

18:09:51      UID       PID    %usr %system  %guest   %wait    %CPU   CPU  Command
18:09:52     1000      4163    2.00    0.00    0.00    0.00    2.00     1  python

18:09:51      UID       PID  minflt/s  majflt/s     VSZ     RSS   %MEM  Command
18:09:52     1000      4163      0.00      0.00  622332   59752   6.43  python

18:09:52      UID       PID    %usr %system  %guest   %wait    %CPU   CPU  Command
18:09:53     1000      4163    9.00    2.00    0.00    0.00   11.00     1  python

18:09:52      UID       PID  minflt/s  majflt/s     VSZ     RSS   %MEM  Command
18:09:53     1000      4163     35.00      0.00  696140   59880   6.45  python

18:09:53      UID       PID    %usr %system  %guest   %wait    %CPU   CPU  Command
18:09:54     1000      4163    1.00    0.00    0.00    0.00    1.00     1  python

18:09:53      UID       PID  minflt/s  majflt/s     VSZ     RSS   %MEM  Command
18:09:54     1000      4163      0.00      0.00  696140   59880   6.45  python

18:09:54      UID       PID    %usr %system  %guest   %wait    %CPU   CPU  Command
18:09:55     1000      4163    0.00    0.00    0.00    0.00    0.00     1  python

18:09:54      UID       PID  minflt/s  majflt/s     VSZ     RSS   %MEM  Command
18:09:55     1000      4163      0.00      0.00  696140   59880   6.45  python

18:09:55      UID       PID    %usr %system  %guest   %wait    %CPU   CPU  Command
18:09:56     1000      4163    1.00    0.00    0.00    0.00    1.00     1  python

18:09:55      UID       PID  minflt/s  majflt/s     VSZ     RSS   %MEM  Command
18:09:56     1000      4163      0.00      0.00  696140   59880   6.45  python

18:09:56      UID       PID    %usr %system  %guest   %wait    %CPU   CPU  Command
18:09:57     1000      4163    0.00    0.00    0.00    0.00    0.00     1  python

18:09:56      UID       PID  minflt/s  majflt/s     VSZ     RSS   %MEM  Command
18:09:57     1000      4163      0.00      0.00  696140   59880   6.45  python

18:09:57      UID       PID    %usr %system  %guest   %wait    %CPU   CPU  Command
18:09:58     1000      4163    2.00    0.00    0.00    0.00    2.00     1  python

18:09:57      UID       PID  minflt/s  majflt/s     VSZ     RSS   %MEM  Command
18:09:58     1000      4163      0.00      0.00  696140   59880   6.45  python

18:09:58      UID       PID    %usr %system  %guest   %wait    %CPU   CPU  Command
18:09:59     1000      4163    1.00    1.00    0.00    0.00    2.00     1  python

18:09:58      UID       PID  minflt/s  majflt/s     VSZ     RSS   %MEM  Command
18:09:59     1000      4163      0.00      0.00  696140   59880   6.45  python

18:09:59      UID       PID    %usr %system  %guest   %wait    %CPU   CPU  Command
18:10:00     1000      4163    1.00    0.00    0.00    1.00    1.00     3  python

18:09:59      UID       PID  minflt/s  majflt/s     VSZ     RSS   %MEM  Command
18:10:00     1000      4163      0.00      0.00  696140   59880   6.45  python

18:10:00      UID       PID    %usr %system  %guest   %wait    %CPU   CPU  Command
18:10:01     1000      4163    1.00    1.00    0.00    0.00    2.00     3  python

18:10:00      UID       PID  minflt/s  majflt/s     VSZ     RSS   %MEM  Command
18:10:01     1000      4163      0.00      0.00  696140   59880   6.45  python

18:10:01      UID       PID    %usr %system  %guest   %wait    %CPU   CPU  Command
18:10:02     1000      4163    1.00    0.00    0.00    0.00    1.00     0  python

18:10:01      UID       PID  minflt/s  majflt/s     VSZ     RSS   %MEM  Command
18:10:02     1000      4163      0.00      0.00  696140   59880   6.45  python

18:10:02      UID       PID    %usr %system  %guest   %wait    %CPU   CPU  Command
18:10:03     1000      4163    2.00    0.00    0.00    0.00    2.00     0  python

18:10:02      UID       PID  minflt/s  majflt/s     VSZ     RSS   %MEM  Command
18:10:03     1000      4163      0.00      0.00  696092   59880   6.45  python

18:10:03      UID       PID    %usr %system  %guest   %wait    %CPU   CPU  Command
18:10:04     1000      4163    1.00    1.00    0.00    0.00    2.00     3  python

18:10:03      UID       PID  minflt/s  majflt/s     VSZ     RSS   %MEM  Command
18:10:04     1000      4163      0.00      0.00  696092   59880   6.45  python

18:10:04      UID       PID    %usr %system  %guest   %wait    %CPU   CPU  Command
18:10:05     1000      4163    1.00    0.00    0.00    0.00    1.00     3  python

18:10:04      UID       PID  minflt/s  majflt/s     VSZ     RSS   %MEM  Command
18:10:05     1000      4163      0.00      0.00  696092   59880   6.45  python

18:10:05      UID       PID    %usr %system  %guest   %wait    %CPU   CPU  Command
18:10:06     1000      4163    1.00    0.00    0.00    0.00    1.00     3  python

18:10:05      UID       PID  minflt/s  majflt/s     VSZ     RSS   %MEM  Command
18:10:06     1000      4163      0.00      0.00  696092   59880   6.45  python

18:10:06      UID       PID    %usr %system  %guest   %wait    %CPU   CPU  Command
18:10:07     1000      4163    2.00    0.00    0.00    0.00    2.00     3  python

18:10:06      UID       PID  minflt/s  majflt/s     VSZ     RSS   %MEM  Command
18:10:07     1000      4163      0.00      0.00  696092   59880   6.45  python

18:10:07      UID       PID    %usr %system  %guest   %wait    %CPU   CPU  Command
18:10:08     1000      4163    1.00    0.00    0.00    0.00    1.00     3  python

18:10:07      UID       PID  minflt/s  majflt/s     VSZ     RSS   %MEM  Command
18:10:08     1000      4163      0.00      0.00  696092   59880   6.45  python

18:10:08      UID       PID    %usr %system  %guest   %wait    %CPU   CPU  Command
18:10:09     1000      4163    2.00    0.00    0.00    0.00    2.00     3  python

18:10:08      UID       PID  minflt/s  majflt/s     VSZ     RSS   %MEM  Command
18:10:09     1000      4163      0.00      0.00  696092   59880   6.45  python

18:10:09      UID       PID    %usr %system  %guest   %wait    %CPU   CPU  Command
18:10:10     1000      4163    1.00    0.00    0.00    0.00    1.00     3  python

18:10:09      UID       PID  minflt/s  majflt/s     VSZ     RSS   %MEM  Command
18:10:10     1000      4163      0.00      0.00  696092   59880   6.45  python

18:10:10      UID       PID    %usr %system  %guest   %wait    %CPU   CPU  Command
18:10:11     1000      4163    1.00    0.00    0.00    0.00    1.00     3  python

18:10:10      UID       PID  minflt/s  majflt/s     VSZ     RSS   %MEM  Command
18:10:11     1000      4163      0.00      0.00  696092   59880   6.45  python

18:10:11      UID       PID    %usr %system  %guest   %wait    %CPU   CPU  Command
18:10:12     1000      4163    1.00    1.00    0.00    0.00    2.00     3  python

18:10:11      UID       PID  minflt/s  majflt/s     VSZ     RSS   %MEM  Command
18:10:12     1000      4163      0.00      0.00  696092   59880   6.45  python

18:10:12      UID       PID    %usr %system  %guest   %wait    %CPU   CPU  Command
18:10:13     1000      4163    1.00    0.00    0.00    0.00    1.00     3  python

18:10:12      UID       PID  minflt/s  majflt/s     VSZ     RSS   %MEM  Command
18:10:13     1000      4163      0.00      0.00  696092   59880   6.45  python

18:10:13      UID       PID    %usr %system  %guest   %wait    %CPU   CPU  Command
18:10:14     1000      4163    0.00    1.00    0.00    0.00    1.00     3  python

18:10:13      UID       PID  minflt/s  majflt/s     VSZ     RSS   %MEM  Command
18:10:14     1000      4163      1.00      0.00  696092   59880   6.45  python

18:10:14      UID       PID    %usr %system  %guest   %wait    %CPU   CPU  Command
18:10:15     1000      4163    1.00    0.00    0.00    0.00    1.00     3  python

18:10:14      UID       PID  minflt/s  majflt/s     VSZ     RSS   %MEM  Command
18:10:15     1000      4163      0.00      0.00  696092   59880   6.45  python

18:10:15      UID       PID    %usr %system  %guest   %wait    %CPU   CPU  Command
18:10:16     1000      4163    0.00    0.00    0.00    0.00    0.00     3  python

18:10:15      UID       PID  minflt/s  majflt/s     VSZ     RSS   %MEM  Command
18:10:16     1000      4163      0.00      0.00  696092   59880   6.45  python

18:10:16      UID       PID    %usr %system  %guest   %wait    %CPU   CPU  Command
18:10:17     1000      4163    1.00    0.00    0.00    0.00    1.00     3  python

18:10:16      UID       PID  minflt/s  majflt/s     VSZ     RSS   %MEM  Command
18:10:17     1000      4163      0.00      0.00  696092   59880   6.45  python

18:10:17      UID       PID    %usr %system  %guest   %wait    %CPU   CPU  Command
18:10:18     1000      4163    1.00    0.00    0.00    0.00    1.00     3  python

18:10:17      UID       PID  minflt/s  majflt/s     VSZ     RSS   %MEM  Command
18:10:18     1000      4163      0.00      0.00  696092   59880   6.45  python

18:10:18      UID       PID    %usr %system  %guest   %wait    %CPU   CPU  Command
18:10:19     1000      4163    1.00    0.00    0.00    0.00    1.00     3  python

18:10:18      UID       PID  minflt/s  majflt/s     VSZ     RSS   %MEM  Command
18:10:19     1000      4163      0.00      0.00  696092   59880   6.45  python

18:10:19      UID       PID    %usr %system  %guest   %wait    %CPU   CPU  Command
18:10:20     1000      4163    1.00    0.00    0.00    0.00    1.00     3  python

18:10:19      UID       PID  minflt/s  majflt/s     VSZ     RSS   %MEM  Command
18:10:20     1000      4163      0.00      0.00  696092   59880   6.45  python

18:10:20      UID       PID    %usr %system  %guest   %wait    %CPU   CPU  Command
18:10:21     1000      4163    1.00    1.00    0.00    0.00    2.00     3  python

18:10:20      UID       PID  minflt/s  majflt/s     VSZ     RSS   %MEM  Command
18:10:21     1000      4163      0.00      0.00  696092   59880   6.45  python

18:10:21      UID       PID    %usr %system  %guest   %wait    %CPU   CPU  Command
18:10:22     1000      4163    2.00    0.00    0.00    0.00    2.00     3  python

18:10:21      UID       PID  minflt/s  majflt/s     VSZ     RSS   %MEM  Command
18:10:22     1000      4163      0.00      0.00  696092   59880   6.45  python

18:10:22      UID       PID    %usr %system  %guest   %wait    %CPU   CPU  Command
18:10:23     1000      4163    1.00    0.00    0.00    0.00    1.00     3  python

18:10:22      UID       PID  minflt/s  majflt/s     VSZ     RSS   %MEM  Command
18:10:23     1000      4163      0.00      0.00  696092   59880   6.45  python

18:10:23      UID       PID    %usr %system  %guest   %wait    %CPU   CPU  Command
18:10:24     1000      4163    1.00    1.00    0.00    0.00    2.00     3  python

18:10:23      UID       PID  minflt/s  majflt/s     VSZ     RSS   %MEM  Command
18:10:24     1000      4163      3.00      0.00  696092   59880   6.45  python

18:10:24      UID       PID    %usr %system  %guest   %wait    %CPU   CPU  Command
18:10:25     1000      4163    1.00    0.00    0.00    0.00    1.00     3  python

18:10:24      UID       PID  minflt/s  majflt/s     VSZ     RSS   %MEM  Command
18:10:25     1000      4163      0.00      0.00  696092   59880   6.45  python

18:10:25      UID       PID    %usr %system  %guest   %wait    %CPU   CPU  Command
18:10:26     1000      4163    2.00    0.00    0.00    0.00    2.00     3  python

18:10:25      UID       PID  minflt/s  majflt/s     VSZ     RSS   %MEM  Command
18:10:26     1000      4163      0.00      0.00  696092   59880   6.45  python

18:10:26      UID       PID    %usr %system  %guest   %wait    %CPU   CPU  Command
18:10:27     1000      4163    0.00    0.00    0.00    0.00    0.00     3  python

18:10:26      UID       PID  minflt/s  majflt/s     VSZ     RSS   %MEM  Command
18:10:27     1000      4163      1.00      0.00  696092   59880   6.45  python

18:10:27      UID       PID    %usr %system  %guest   %wait    %CPU   CPU  Command
18:10:28     1000      4163    2.00    0.00    0.00    0.00    2.00     1  python

18:10:27      UID       PID  minflt/s  majflt/s     VSZ     RSS   %MEM  Command
18:10:28     1000      4163      0.00      0.00  696092   59880   6.45  python

18:10:28      UID       PID    %usr %system  %guest   %wait    %CPU   CPU  Command
18:10:29     1000      4163    1.00    1.00    0.00    0.00    2.00     1  python

18:10:28      UID       PID  minflt/s  majflt/s     VSZ     RSS   %MEM  Command
18:10:29     1000      4163      0.00      0.00  696092   59880   6.45  python

18:10:29      UID       PID    %usr %system  %guest   %wait    %CPU   CPU  Command
18:10:30     1000      4163    2.00    1.00    0.00    1.00    3.00     1  python

18:10:29      UID       PID  minflt/s  majflt/s     VSZ     RSS   %MEM  Command
18:10:30     1000      4163      0.00      0.00  696092   59880   6.45  python

18:10:30      UID       PID    %usr %system  %guest   %wait    %CPU   CPU  Command
18:10:31     1000      4163    1.00    1.00    0.00    0.00    2.00     1  python

18:10:30      UID       PID  minflt/s  majflt/s     VSZ     RSS   %MEM  Command
18:10:31     1000      4163      0.00      0.00  696092   59880   6.45  python

18:10:31      UID       PID    %usr %system  %guest   %wait    %CPU   CPU  Command
18:10:32     1000      4163    0.00    2.00    0.00    0.00    2.00     1  python

18:10:31      UID       PID  minflt/s  majflt/s     VSZ     RSS   %MEM  Command
18:10:32     1000      4163      0.00      0.00  696092   59880   6.45  python

18:10:32      UID       PID    %usr %system  %guest   %wait    %CPU   CPU  Command
18:10:33     1000      4163    1.00    2.00    0.00    0.00    3.00     1  python

18:10:32      UID       PID  minflt/s  majflt/s     VSZ     RSS   %MEM  Command
18:10:33     1000      4163      0.00      0.00  696092   59880   6.45  python

18:10:33      UID       PID    %usr %system  %guest   %wait    %CPU   CPU  Command
18:10:34     1000      4163    1.00    1.00    0.00    0.00    2.00     1  python

18:10:33      UID       PID  minflt/s  majflt/s     VSZ     RSS   %MEM  Command
18:10:34     1000      4163      0.00      0.00  696092   59880   6.45  python

18:10:34      UID       PID    %usr %system  %guest   %wait    %CPU   CPU  Command
18:10:35     1000      4163    2.00    2.00    0.00    0.00    4.00     2  python

18:10:34      UID       PID  minflt/s  majflt/s     VSZ     RSS   %MEM  Command
18:10:35     1000      4163      0.00      0.00  696092   59880   6.45  python

18:10:35      UID       PID    %usr %system  %guest   %wait    %CPU   CPU  Command
18:10:36     1000      4163    2.00    0.00    0.00    0.00    2.00     2  python

18:10:35      UID       PID  minflt/s  majflt/s     VSZ     RSS   %MEM  Command
18:10:36     1000      4163      0.00      0.00  696092   59880   6.45  python

18:10:36      UID       PID    %usr %system  %guest   %wait    %CPU   CPU  Command
18:10:37     1000      4163    2.00    1.00    0.00    0.00    3.00     2  python

18:10:36      UID       PID  minflt/s  majflt/s     VSZ     RSS   %MEM  Command
18:10:37     1000      4163      0.00      0.00  696092   59880   6.45  python

18:10:37      UID       PID    %usr %system  %guest   %wait    %CPU   CPU  Command
18:10:38     1000      4163    1.00    2.00    0.00    0.00    3.00     2  python

18:10:37      UID       PID  minflt/s  majflt/s     VSZ     RSS   %MEM  Command
18:10:38     1000      4163      0.00      0.00  696092   59880   6.45  python

18:10:38      UID       PID    %usr %system  %guest   %wait    %CPU   CPU  Command
18:10:39     1000      4163    3.00    0.00    0.00    0.00    3.00     2  python

18:10:38      UID       PID  minflt/s  majflt/s     VSZ     RSS   %MEM  Command
18:10:39     1000      4163      0.00      0.00  696092   59880   6.45  python

18:10:39      UID       PID    %usr %system  %guest   %wait    %CPU   CPU  Command
18:10:40     1000      4163    1.00    1.00    0.00    0.00    2.00     2  python

18:10:39      UID       PID  minflt/s  majflt/s     VSZ     RSS   %MEM  Command
18:10:40     1000      4163      2.00      0.00  696092   59880   6.45  python

18:10:40      UID       PID    %usr %system  %guest   %wait    %CPU   CPU  Command
18:10:41     1000      4163    0.00    2.00    0.00    0.00    2.00     2  python

18:10:40      UID       PID  minflt/s  majflt/s     VSZ     RSS   %MEM  Command
18:10:41     1000      4163      0.00      0.00  696092   59880   6.45  python

18:10:41      UID       PID    %usr %system  %guest   %wait    %CPU   CPU  Command
18:10:42     1000      4163    1.00    2.00    0.00    0.00    3.00     2  python

18:10:41      UID       PID  minflt/s  majflt/s     VSZ     RSS   %MEM  Command
18:10:42     1000      4163      0.00      0.00  696092   59880   6.45  python

18:10:42      UID       PID    %usr %system  %guest   %wait    %CPU   CPU  Command
18:10:43     1000      4163    2.00    1.00    0.00    0.00    3.00     2  python

18:10:42      UID       PID  minflt/s  majflt/s     VSZ     RSS   %MEM  Command
18:10:43     1000      4163      0.00      0.00  696092   59880   6.45  python

18:10:43      UID       PID    %usr %system  %guest   %wait    %CPU   CPU  Command
18:10:44     1000      4163    2.00    1.00    0.00    0.00    3.00     2  python

18:10:43      UID       PID  minflt/s  majflt/s     VSZ     RSS   %MEM  Command
18:10:44     1000      4163      0.00      0.00  696092   59880   6.45  python

18:10:44      UID       PID    %usr %system  %guest   %wait    %CPU   CPU  Command
18:10:45     1000      4163    2.00    1.00    0.00    0.00    3.00     2  python

18:10:44      UID       PID  minflt/s  majflt/s     VSZ     RSS   %MEM  Command
18:10:45     1000      4163      0.00      0.00  696092   59880   6.45  python

18:10:45      UID       PID    %usr %system  %guest   %wait    %CPU   CPU  Command
18:10:46     1000      4163    2.00    1.00    0.00    0.00    3.00     2  python

18:10:45      UID       PID  minflt/s  majflt/s     VSZ     RSS   %MEM  Command
18:10:46     1000      4163      0.00      0.00  696092   59880   6.45  python

18:10:46      UID       PID    %usr %system  %guest   %wait    %CPU   CPU  Command
18:10:47     1000      4163    0.00    2.00    0.00    0.00    2.00     2  python

18:10:46      UID       PID  minflt/s  majflt/s     VSZ     RSS   %MEM  Command
18:10:47     1000      4163      0.00      0.00  696092   59880   6.45  python

18:10:47      UID       PID    %usr %system  %guest   %wait    %CPU   CPU  Command
18:10:48     1000      4163    2.00    1.00    0.00    0.00    3.00     2  python

18:10:47      UID       PID  minflt/s  majflt/s     VSZ     RSS   %MEM  Command
18:10:48     1000      4163      0.00      0.00  696092   59880   6.45  python

18:10:48      UID       PID    %usr %system  %guest   %wait    %CPU   CPU  Command
18:10:49     1000      4163    1.00    2.00    0.00    0.00    3.00     2  python

18:10:48      UID       PID  minflt/s  majflt/s     VSZ     RSS   %MEM  Command
18:10:49     1000      4163      0.00      0.00  696092   59880   6.45  python

18:10:49      UID       PID    %usr %system  %guest   %wait    %CPU   CPU  Command
18:10:50     1000      4163    2.00    1.00    0.00    0.00    3.00     2  python

18:10:49      UID       PID  minflt/s  majflt/s     VSZ     RSS   %MEM  Command
18:10:50     1000      4163      0.00      0.00  696092   59880   6.45  python

18:10:50      UID       PID    %usr %system  %guest   %wait    %CPU   CPU  Command
18:10:51     1000      4163    3.00    0.00    0.00    0.00    3.00     2  python

18:10:50      UID       PID  minflt/s  majflt/s     VSZ     RSS   %MEM  Command
18:10:51     1000      4163      0.00      0.00  696092   59880   6.45  python

18:10:51      UID       PID    %usr %system  %guest   %wait    %CPU   CPU  Command
18:10:52     1000      4163    1.00    2.00    0.00    0.00    3.00     2  python

18:10:51      UID       PID  minflt/s  majflt/s     VSZ     RSS   %MEM  Command
18:10:52     1000      4163      0.00      0.00  696092   59880   6.45  python

18:10:52      UID       PID    %usr %system  %guest   %wait    %CPU   CPU  Command
18:10:53     1000      4163    1.00    1.00    0.00    0.00    2.00     2  python

18:10:52      UID       PID  minflt/s  majflt/s     VSZ     RSS   %MEM  Command
18:10:53     1000      4163      0.00      0.00  696092   59880   6.45  python

18:10:53      UID       PID    %usr %system  %guest   %wait    %CPU   CPU  Command
18:10:54     1000      4163    2.00    0.00    0.00    0.00    2.00     2  python

18:10:53      UID       PID  minflt/s  majflt/s     VSZ     RSS   %MEM  Command
18:10:54     1000      4163      0.00      0.00  696092   59880   6.45  python

18:10:54      UID       PID    %usr %system  %guest   %wait    %CPU   CPU  Command
18:10:55     1000      4163    1.00    1.00    0.00    0.00    2.00     2  python

18:10:54      UID       PID  minflt/s  majflt/s     VSZ     RSS   %MEM  Command
18:10:55     1000      4163      0.00      0.00  696092   59880   6.45  python

18:10:55      UID       PID    %usr %system  %guest   %wait    %CPU   CPU  Command
18:10:56     1000      4163    1.00    0.00    0.00    0.00    1.00     2  python

18:10:55      UID       PID  minflt/s  majflt/s     VSZ     RSS   %MEM  Command
18:10:56     1000      4163      0.00      0.00  696092   59880   6.45  python

18:10:56      UID       PID    %usr %system  %guest   %wait    %CPU   CPU  Command
18:10:57     1000      4163    1.00    0.00    0.00    0.00    1.00     2  python

18:10:56      UID       PID  minflt/s  majflt/s     VSZ     RSS   %MEM  Command
18:10:57     1000      4163      0.00      0.00  696092   59880   6.45  python

18:10:57      UID       PID    %usr %system  %guest   %wait    %CPU   CPU  Command
18:10:58     1000      4163    2.00    0.00    0.00    0.00    2.00     2  python

18:10:57      UID       PID  minflt/s  majflt/s     VSZ     RSS   %MEM  Command
18:10:58     1000      4163      0.00      0.00  696092   59880   6.45  python

18:10:58      UID       PID    %usr %system  %guest   %wait    %CPU   CPU  Command
18:10:59     1000      4163    3.00    1.00    0.00    0.00    4.00     2  python

18:10:58      UID       PID  minflt/s  majflt/s     VSZ     RSS   %MEM  Command
18:10:59     1000      4163      0.00      0.00  696092   59880   6.45  python

18:10:59      UID       PID    %usr %system  %guest   %wait    %CPU   CPU  Command
18:11:00     1000      4163    3.00    1.00    0.00    0.00    4.00     2  python

18:10:59      UID       PID  minflt/s  majflt/s     VSZ     RSS   %MEM  Command
18:11:00     1000      4163      0.00      0.00  696092   59880   6.45  python

18:11:00      UID       PID    %usr %system  %guest   %wait    %CPU   CPU  Command
18:11:01     1000      4163    3.00    0.00    0.00    0.00    3.00     2  python

18:11:00      UID       PID  minflt/s  majflt/s     VSZ     RSS   %MEM  Command
18:11:01     1000      4163      0.00      0.00  696092   59880   6.45  python

18:11:01      UID       PID    %usr %system  %guest   %wait    %CPU   CPU  Command
18:11:02     1000      4163    2.00    1.00    0.00    0.00    3.00     2  python

18:11:01      UID       PID  minflt/s  majflt/s     VSZ     RSS   %MEM  Command
18:11:02     1000      4163      0.00      0.00  696092   59880   6.45  python

18:11:02      UID       PID    %usr %system  %guest   %wait    %CPU   CPU  Command
18:11:03     1000      4163    4.00    1.00    0.00    0.00    5.00     2  python

18:11:02      UID       PID  minflt/s  majflt/s     VSZ     RSS   %MEM  Command
18:11:03     1000      4163      0.00      0.00  696092   59880   6.45  python

18:11:03      UID       PID    %usr %system  %guest   %wait    %CPU   CPU  Command
18:11:04     1000      4163    3.00    0.00    0.00    0.00    3.00     2  python

18:11:03      UID       PID  minflt/s  majflt/s     VSZ     RSS   %MEM  Command
18:11:04     1000      4163      0.00      0.00  696092   59880   6.45  python

18:11:04      UID       PID    %usr %system  %guest   %wait    %CPU   CPU  Command
18:11:05     1000      4163    3.00    1.00    0.00    0.00    4.00     2  python

18:11:04      UID       PID  minflt/s  majflt/s     VSZ     RSS   %MEM  Command
18:11:05     1000      4163      0.00      0.00  696092   59880   6.45  python

18:11:05      UID       PID    %usr %system  %guest   %wait    %CPU   CPU  Command
18:11:06     1000      4163    1.00    1.00    0.00    0.00    2.00     2  python

18:11:05      UID       PID  minflt/s  majflt/s     VSZ     RSS   %MEM  Command
18:11:06     1000      4163      0.00      0.00  696092   59880   6.45  python

18:11:06      UID       PID    %usr %system  %guest   %wait    %CPU   CPU  Command
18:11:07     1000      4163    2.00    1.00    0.00    0.00    3.00     2  python

18:11:06      UID       PID  minflt/s  majflt/s     VSZ     RSS   %MEM  Command
18:11:07     1000      4163      0.00      0.00  696092   59880   6.45  python

18:11:07      UID       PID    %usr %system  %guest   %wait    %CPU   CPU  Command
18:11:08     1000      4163   10.00    1.00    0.00    1.00   11.00     1  python

18:11:07      UID       PID  minflt/s  majflt/s     VSZ     RSS   %MEM  Command
18:11:08     1000      4163      1.00      0.00  696092   59880   6.45  python

18:11:08      UID       PID    %usr %system  %guest   %wait    %CPU   CPU  Command
18:11:09     1000      4163    3.00    1.00    0.00    0.00    4.00     2  python

18:11:08      UID       PID  minflt/s  majflt/s     VSZ     RSS   %MEM  Command
18:11:09     1000      4163      0.00      0.00  696092   59880   6.45  python

18:11:09      UID       PID    %usr %system  %guest   %wait    %CPU   CPU  Command
18:11:10     1000      4163    2.00    1.00    0.00    0.00    3.00     1  python

18:11:09      UID       PID  minflt/s  majflt/s     VSZ     RSS   %MEM  Command
18:11:10     1000      4163      0.00      0.00  696092   59880   6.45  python

18:11:10      UID       PID    %usr %system  %guest   %wait    %CPU   CPU  Command
18:11:11     1000      4163    2.00    1.00    0.00    0.00    3.00     1  python

18:11:10      UID       PID  minflt/s  majflt/s     VSZ     RSS   %MEM  Command
18:11:11     1000      4163      0.00      0.00  696092   59880   6.45  python

18:11:11      UID       PID    %usr %system  %guest   %wait    %CPU   CPU  Command
18:11:12     1000      4163    4.00    1.00    0.00    0.00    5.00     1  python

18:11:11      UID       PID  minflt/s  majflt/s     VSZ     RSS   %MEM  Command
18:11:12     1000      4163      0.00      0.00  696092   59880   6.45  python

18:11:12      UID       PID    %usr %system  %guest   %wait    %CPU   CPU  Command
18:11:13     1000      4163    9.00    2.00    0.00    0.00   11.00     1  python

18:11:12      UID       PID  minflt/s  majflt/s     VSZ     RSS   %MEM  Command
18:11:13     1000      4163      7.00      0.00  696140   60008   6.46  python

18:11:13      UID       PID    %usr %system  %guest   %wait    %CPU   CPU  Command
18:11:14     1000      4163    1.00    0.00    0.00    0.00    1.00     1  python

18:11:13      UID       PID  minflt/s  majflt/s     VSZ     RSS   %MEM  Command
18:11:14     1000      4163      0.00      0.00  696140   60008   6.46  python

18:11:14      UID       PID    %usr %system  %guest   %wait    %CPU   CPU  Command
18:11:15     1000      4163    1.00    2.00    0.00    0.00    3.00     1  python

18:11:14      UID       PID  minflt/s  majflt/s     VSZ     RSS   %MEM  Command
18:11:15     1000      4163      0.00      0.00  696140   60008   6.46  python

18:11:15      UID       PID    %usr %system  %guest   %wait    %CPU   CPU  Command
18:11:16     1000      4163    0.00    0.00    0.00    0.00    0.00     1  python

18:11:15      UID       PID  minflt/s  majflt/s     VSZ     RSS   %MEM  Command
18:11:16     1000      4163      0.00      0.00  696140   60008   6.46  python

18:11:16      UID       PID    %usr %system  %guest   %wait    %CPU   CPU  Command
18:11:17     1000      4163    1.00    1.00    0.00    0.00    2.00     1  python

18:11:16      UID       PID  minflt/s  majflt/s     VSZ     RSS   %MEM  Command
18:11:17     1000      4163      0.00      0.00  696140   60008   6.46  python

18:11:17      UID       PID    %usr %system  %guest   %wait    %CPU   CPU  Command
18:11:18     1000      4163    4.00    0.00    0.00    0.00    4.00     1  python

18:11:17      UID       PID  minflt/s  majflt/s     VSZ     RSS   %MEM  Command
18:11:18     1000      4163      0.00      0.00  696140   60008   6.46  python

18:11:18      UID       PID    %usr %system  %guest   %wait    %CPU   CPU  Command
18:11:19     1000      4163    3.00    0.00    0.00    0.00    3.00     1  python

18:11:18      UID       PID  minflt/s  majflt/s     VSZ     RSS   %MEM  Command
18:11:19     1000      4163      0.00      0.00  696140   60008   6.46  python

18:11:19      UID       PID    %usr %system  %guest   %wait    %CPU   CPU  Command
18:11:20     1000      4163    3.00    1.00    0.00    0.00    4.00     1  python

18:11:19      UID       PID  minflt/s  majflt/s     VSZ     RSS   %MEM  Command
18:11:20     1000      4163      0.00      0.00  696140   60008   6.46  python

18:11:20      UID       PID    %usr %system  %guest   %wait    %CPU   CPU  Command
18:11:21     1000      4163    2.00    1.00    0.00    0.00    3.00     1  python

18:11:20      UID       PID  minflt/s  majflt/s     VSZ     RSS   %MEM  Command
18:11:21     1000      4163      0.00      0.00  696140   60008   6.46  python

18:11:21      UID       PID    %usr %system  %guest   %wait    %CPU   CPU  Command
18:11:22     1000      4163    2.00    1.00    0.00    0.00    3.00     1  python

18:11:21      UID       PID  minflt/s  majflt/s     VSZ     RSS   %MEM  Command
18:11:22     1000      4163      0.00      0.00  696140   60008   6.46  python

18:11:22      UID       PID    %usr %system  %guest   %wait    %CPU   CPU  Command
18:11:23     1000      4163    3.00    0.00    0.00    0.00    3.00     1  python

18:11:22      UID       PID  minflt/s  majflt/s     VSZ     RSS   %MEM  Command
18:11:23     1000      4163      0.00      0.00  696092   60008   6.46  python

18:11:23      UID       PID    %usr %system  %guest   %wait    %CPU   CPU  Command
18:11:24     1000      4163   11.00    3.00    0.00    1.00   14.00     0  python

18:11:23      UID       PID  minflt/s  majflt/s     VSZ     RSS   %MEM  Command
18:11:24     1000      4163      5.00      0.00  696140   60008   6.46  python

18:11:24      UID       PID    %usr %system  %guest   %wait    %CPU   CPU  Command
18:11:25     1000      4163    0.00    2.00    0.00    0.00    2.00     0  python

18:11:24      UID       PID  minflt/s  majflt/s     VSZ     RSS   %MEM  Command
18:11:25     1000      4163      0.00      0.00  696140   60008   6.46  python

18:11:25      UID       PID    %usr %system  %guest   %wait    %CPU   CPU  Command
18:11:26     1000      4163    1.00    1.00    0.00    0.00    2.00     0  python

18:11:25      UID       PID  minflt/s  majflt/s     VSZ     RSS   %MEM  Command
18:11:26     1000      4163      0.00      0.00  696140   60008   6.46  python

18:11:26      UID       PID    %usr %system  %guest   %wait    %CPU   CPU  Command
18:11:27     1000      4163    1.00    0.00    0.00    0.00    1.00     0  python

18:11:26      UID       PID  minflt/s  majflt/s     VSZ     RSS   %MEM  Command
18:11:27     1000      4163      0.00      0.00  696140   60008   6.46  python

18:11:27      UID       PID    %usr %system  %guest   %wait    %CPU   CPU  Command
18:11:28     1000      4163    2.00    1.00    0.00    0.00    3.00     0  python

18:11:27      UID       PID  minflt/s  majflt/s     VSZ     RSS   %MEM  Command
18:11:28     1000      4163      0.00      0.00  696140   60008   6.46  python

18:11:28      UID       PID    %usr %system  %guest   %wait    %CPU   CPU  Command
18:11:29     1000      4163    3.00    0.00    0.00    0.00    3.00     0  python

18:11:28      UID       PID  minflt/s  majflt/s     VSZ     RSS   %MEM  Command
18:11:29     1000      4163      0.00      0.00  696140   60008   6.46  python

18:11:29      UID       PID    %usr %system  %guest   %wait    %CPU   CPU  Command
18:11:30     1000      4163    3.00    0.00    0.00    0.00    3.00     0  python

18:11:29      UID       PID  minflt/s  majflt/s     VSZ     RSS   %MEM  Command
18:11:30     1000      4163      0.00      0.00  696140   60008   6.46  python

18:11:30      UID       PID    %usr %system  %guest   %wait    %CPU   CPU  Command
18:11:31     1000      4163    4.00    0.00    0.00    0.00    4.00     2  python

18:11:30      UID       PID  minflt/s  majflt/s     VSZ     RSS   %MEM  Command
18:11:31     1000      4163      0.00      0.00  696140   60008   6.46  python

18:11:31      UID       PID    %usr %system  %guest   %wait    %CPU   CPU  Command
18:11:32     1000      4163    3.00    1.00    0.00    0.00    4.00     3  python

18:11:31      UID       PID  minflt/s  majflt/s     VSZ     RSS   %MEM  Command
18:11:32     1000      4163      0.00      0.00  696140   60008   6.46  python

18:11:32      UID       PID    %usr %system  %guest   %wait    %CPU   CPU  Command
18:11:33     1000      4163    5.00    0.00    0.00    0.00    5.00     3  python

18:11:32      UID       PID  minflt/s  majflt/s     VSZ     RSS   %MEM  Command
18:11:33     1000      4163      0.00      0.00  696140   60008   6.46  python

18:11:33      UID       PID    %usr %system  %guest   %wait    %CPU   CPU  Command
18:11:34     1000      4163    4.00    0.00    0.00    0.00    4.00     3  python

18:11:33      UID       PID  minflt/s  majflt/s     VSZ     RSS   %MEM  Command
18:11:34     1000      4163      0.00      0.00  696092   60008   6.46  python

18:11:34      UID       PID    %usr %system  %guest   %wait    %CPU   CPU  Command
18:11:35     1000      4163    4.00    0.00    0.00    0.00    4.00     3  python

18:11:34      UID       PID  minflt/s  majflt/s     VSZ     RSS   %MEM  Command
18:11:35     1000      4163      0.00      0.00  696092   60008   6.46  python

18:11:35      UID       PID    %usr %system  %guest   %wait    %CPU   CPU  Command
18:11:36     1000      4163    4.00    0.00    0.00    1.00    4.00     3  python

18:11:35      UID       PID  minflt/s  majflt/s     VSZ     RSS   %MEM  Command
18:11:36     1000      4163      1.00      0.00  696108   60008   6.46  python

18:11:36      UID       PID    %usr %system  %guest   %wait    %CPU   CPU  Command
18:11:37     1000      4163    4.00    0.00    0.00    0.00    4.00     3  python

18:11:36      UID       PID  minflt/s  majflt/s     VSZ     RSS   %MEM  Command
18:11:37     1000      4163      0.00      0.00  696108   60008   6.46  python

18:11:37      UID       PID    %usr %system  %guest   %wait    %CPU   CPU  Command
18:11:38     1000      4163    3.96    0.99    0.00    0.00    4.95     3  python

18:11:37      UID       PID  minflt/s  majflt/s     VSZ     RSS   %MEM  Command
18:11:38     1000      4163      0.00      0.00  696108   60008   6.46  python

18:11:38      UID       PID    %usr %system  %guest   %wait    %CPU   CPU  Command
18:11:39     1000      4163    3.00    0.00    0.00    0.00    3.00     3  python

18:11:38      UID       PID  minflt/s  majflt/s     VSZ     RSS   %MEM  Command
18:11:39     1000      4163      0.00      0.00  696108   60008   6.46  python

18:11:39      UID       PID    %usr %system  %guest   %wait    %CPU   CPU  Command
18:11:40     1000      4163    4.00    0.00    0.00    0.00    4.00     3  python

18:11:39      UID       PID  minflt/s  majflt/s     VSZ     RSS   %MEM  Command
18:11:40     1000      4163      0.00      0.00  696108   60008   6.46  python

18:11:40      UID       PID    %usr %system  %guest   %wait    %CPU   CPU  Command
18:11:41     1000      4163    4.00    0.00    0.00    0.00    4.00     3  python

18:11:40      UID       PID  minflt/s  majflt/s     VSZ     RSS   %MEM  Command
18:11:41     1000      4163      0.00      0.00  696108   60008   6.46  python

18:11:41      UID       PID    %usr %system  %guest   %wait    %CPU   CPU  Command
18:11:42     1000      4163    3.00    1.00    0.00    0.00    4.00     3  python

18:11:41      UID       PID  minflt/s  majflt/s     VSZ     RSS   %MEM  Command
18:11:42     1000      4163      0.00      0.00  696108   60008   6.46  python

18:11:42      UID       PID    %usr %system  %guest   %wait    %CPU   CPU  Command
18:11:43     1000      4163    3.00    1.00    0.00    0.00    4.00     3  python

18:11:42      UID       PID  minflt/s  majflt/s     VSZ     RSS   %MEM  Command
18:11:43     1000      4163      0.00      0.00  696108   60008   6.46  python

18:11:43      UID       PID    %usr %system  %guest   %wait    %CPU   CPU  Command
18:11:44     1000      4163    3.00    1.00    0.00    0.00    4.00     3  python

18:11:43      UID       PID  minflt/s  majflt/s     VSZ     RSS   %MEM  Command
18:11:44     1000      4163      0.00      0.00  696108   60008   6.46  python

18:11:44      UID       PID    %usr %system  %guest   %wait    %CPU   CPU  Command
18:11:45     1000      4163    1.00    0.00    0.00    0.00    1.00     3  python

18:11:44      UID       PID  minflt/s  majflt/s     VSZ     RSS   %MEM  Command
18:11:45     1000      4163      0.00      0.00  696108   60008   6.46  python

18:11:45      UID       PID    %usr %system  %guest   %wait    %CPU   CPU  Command
18:11:46     1000      4163    2.00    0.00    0.00    0.00    2.00     3  python

18:11:45      UID       PID  minflt/s  majflt/s     VSZ     RSS   %MEM  Command
18:11:46     1000      4163      0.00      0.00  696108   60008   6.46  python

18:11:46      UID       PID    %usr %system  %guest   %wait    %CPU   CPU  Command
18:11:47     1000      4163    1.00    1.00    0.00    0.00    2.00     3  python

18:11:46      UID       PID  minflt/s  majflt/s     VSZ     RSS   %MEM  Command
18:11:47     1000      4163      0.00      0.00  696092   60008   6.46  python

18:11:47      UID       PID    %usr %system  %guest   %wait    %CPU   CPU  Command
18:11:48     1000      4163    2.00    0.00    0.00    0.00    2.00     3  python

18:11:47      UID       PID  minflt/s  majflt/s     VSZ     RSS   %MEM  Command
18:11:48     1000      4163      0.00      0.00  696092   60008   6.46  python

18:11:48      UID       PID    %usr %system  %guest   %wait    %CPU   CPU  Command
18:11:49     1000      4163    2.00    1.00    0.00    0.00    3.00     3  python

18:11:48      UID       PID  minflt/s  majflt/s     VSZ     RSS   %MEM  Command
18:11:49     1000      4163      0.00      0.00  696092   60008   6.46  python

18:11:49      UID       PID    %usr %system  %guest   %wait    %CPU   CPU  Command
18:11:50     1000      4163    4.00    0.00    0.00    0.00    4.00     3  python

18:11:49      UID       PID  minflt/s  majflt/s     VSZ     RSS   %MEM  Command
18:11:50     1000      4163      0.00      0.00  696092   60008   6.46  python

18:11:50      UID       PID    %usr %system  %guest   %wait    %CPU   CPU  Command
18:11:51     1000      4163    4.00    1.00    0.00    0.00    5.00     3  python

18:11:50      UID       PID  minflt/s  majflt/s     VSZ     RSS   %MEM  Command
18:11:51     1000      4163      0.00      0.00  696092   60008   6.46  python

18:11:51      UID       PID    %usr %system  %guest   %wait    %CPU   CPU  Command
18:11:52     1000      4163    2.00    1.00    0.00    0.00    3.00     3  python

18:11:51      UID       PID  minflt/s  majflt/s     VSZ     RSS   %MEM  Command
18:11:52     1000      4163      0.00      0.00  696092   60008   6.46  python

18:11:52      UID       PID    %usr %system  %guest   %wait    %CPU   CPU  Command
18:11:53     1000      4163    3.00    1.00    0.00    0.00    4.00     2  python

18:11:52      UID       PID  minflt/s  majflt/s     VSZ     RSS   %MEM  Command
18:11:53     1000      4163      0.00      0.00  696092   60008   6.46  python

18:11:53      UID       PID    %usr %system  %guest   %wait    %CPU   CPU  Command
18:11:54     1000      4163    3.00    1.00    0.00    0.00    4.00     2  python

18:11:53      UID       PID  minflt/s  majflt/s     VSZ     RSS   %MEM  Command
18:11:54     1000      4163      0.00      0.00  696092   60008   6.46  python


Average:      UID       PID    %usr %system  %guest   %wait    %CPU   CPU  Command
Average:     1000      4163    2.04    0.57    0.00    0.04    2.61     -  python

Average:      UID       PID  minflt/s  majflt/s     VSZ     RSS   %MEM  Command
Average:     1000      4163      1.73      0.00  670351   59833   6.44  python
